<?xml version="1.0" encoding="UTF-8"?>
<!-- Generated by org.testng.reporters.JUnitXMLReporter -->
<testsuite ignored="0" hostname="DESKTOP-1LH2OAS" failures="3" tests="5" name="OpenCart Tests" time="97.971" errors="0" timestamp="2026-08-09T01:05:42 IST">
  <testcase classname="com.opencart.testcases.TC001_ValidRegistrationTest" name="verifyValidRegistration" time="10.32">
    <failure type="java.lang.AssertionError" message="expected [Your Account Has Been Created!] but found [Register Account]">
      <![CDATA[java.lang.AssertionError: expected [Your Account Has Been Created!] but found [Register Account]
at com.opencart.testcases.TC001_ValidRegistrationTest.verifyValidRegistration(TC001_ValidRegistrationTest.java:31)
at java.base/java.util.ArrayList.forEach(ArrayList.java:1511)
... Removed 33 stack frames]]>
    </failure>
  </testcase> <!-- verifyValidRegistration -->
  <testcase classname="com.opencart.testcases.TC002_InvalidRegistrationTest" name="verifyRegistrationWithPasswordMismatch" time="6.418"/>
  <testcase classname="com.opencart.testcases.TC003_ValidLoginTest" name="VerifyValidUserLogin" time="1.649"/>
  <testcase classname="com.opencart.testcases.TC004_CompletePurchaseFlow" name="VerifyCompletePurchaseFlow" time="24.175">
    <failure type="org.openqa.selenium.TimeoutException" message="Expected condition failed: waiting for element to be clickable: By.xpath: //input[@name=&amp;apos;payment_address&amp;apos; and @value=&amp;apos;new&amp;apos;] (tried for 10 second(s) with 500 milliseconds interval)
Build info: version: &amp;apos;4.34.0&amp;apos;, revision: &amp;apos;707dcb4246*&amp;apos;
System info: os.name: &amp;apos;Windows 10&amp;apos;, os.arch: &amp;apos;amd64&amp;apos;, os.version: &amp;apos;10.0&amp;apos;, java.version: &amp;apos;17.0.11&amp;apos;
Driver info: org.openqa.selenium.chrome.ChromeDriver
Capabilities {acceptInsecureCerts: false, browserName: chrome, browserVersion: 151.0.7922.76, chrome: {chromedriverVersion: 151.0.7922.77 (ff37cfca2101..., userDataDir: C:\Users\user\AppData\Local...}, fedcm:accounts: true, goog:chromeOptions: {debuggerAddress: localhost:65114}, goog:processID: 7232, networkConnectionEnabled: false, pageLoadStrategy: normal, platformName: windows, proxy: Proxy(), se:cdp: ws://localhost:65114/devtoo..., se:cdpVersion: 151.0.7922.76, setWindowRect: true, strictFileInteractability: false, timeouts: {implicit: 0, pageLoad: 300000, script: 30000}, unhandledPromptBehavior: dismiss and notify, webauthn:extension:credBlob: true, webauthn:extension:largeBlob: true, webauthn:extension:minPinLength: true, webauthn:extension:prf: true, webauthn:virtualAuthenticators: true}
Session ID: 287190ea7d1905866900f518909d87cf">
      <![CDATA[org.openqa.selenium.TimeoutException: Expected condition failed: waiting for element to be clickable: By.xpath: //input[@name='payment_address' and @value='new'] (tried for 10 second(s) with 500 milliseconds interval)
Build info: version: '4.34.0', revision: '707dcb4246*'
System info: os.name: 'Windows 10', os.arch: 'amd64', os.version: '10.0', java.version: '17.0.11'
Driver info: org.openqa.selenium.chrome.ChromeDriver
Capabilities {acceptInsecureCerts: false, browserName: chrome, browserVersion: 151.0.7922.76, chrome: {chromedriverVersion: 151.0.7922.77 (ff37cfca2101..., userDataDir: C:\Users\user\AppData\Local...}, fedcm:accounts: true, goog:chromeOptions: {debuggerAddress: localhost:65114}, goog:processID: 7232, networkConnectionEnabled: false, pageLoadStrategy: normal, platformName: windows, proxy: Proxy(), se:cdp: ws://localhost:65114/devtoo..., se:cdpVersion: 151.0.7922.76, setWindowRect: true, strictFileInteractability: false, timeouts: {implicit: 0, pageLoad: 300000, script: 30000}, unhandledPromptBehavior: dismiss and notify, webauthn:extension:credBlob: true, webauthn:extension:largeBlob: true, webauthn:extension:minPinLength: true, webauthn:extension:prf: true, webauthn:virtualAuthenticators: true}
Session ID: 287190ea7d1905866900f518909d87cf
at org.openqa.selenium.support.ui.WebDriverWait.timeoutException(WebDriverWait.java:84)
at org.openqa.selenium.support.ui.FluentWait.until(FluentWait.java:228)
at com.opencart.utilities.WaitUtils.waitForClick(WaitUtils.java:21)
at com.opencart.pages.SearchPage.selectNewAddress(SearchPage.java:146)
at com.opencart.testcases.TC004_CompletePurchaseFlow.VerifyCompletePurchaseFlow(TC004_CompletePurchaseFlow.java:36)
at java.base/java.util.ArrayList.forEach(ArrayList.java:1511)
... Removed 27 stack frames]]>
    </failure>
  </testcase> <!-- VerifyCompletePurchaseFlow -->
  <testcase classname="com.opencart.testcases.TC005_InvalidPasswordLoginTest" name="VerifyLoginWithInvalidPassword" time="2.541">
    <failure type="java.lang.AssertionError" message="Invalid login error message was not displayed expected [true] but found [false]">
      <![CDATA[java.lang.AssertionError: Invalid login error message was not displayed expected [true] but found [false]
at com.opencart.testcases.TC005_InvalidPasswordLoginTest.VerifyLoginWithInvalidPassword(TC005_InvalidPasswordLoginTest.java:25)
at java.base/java.util.ArrayList.forEach(ArrayList.java:1511)
... Removed 30 stack frames]]>
    </failure>
  </testcase> <!-- VerifyLoginWithInvalidPassword -->
</testsuite> <!-- OpenCart Tests -->
