<?xml version="1.0" encoding="UTF-8"?>
<!-- Generated by org.testng.reporters.JUnitReportReporter -->
<testsuite hostname="DESKTOP-1LH2OAS" failures="0" tests="1" name="com.opencart.testcases.TC007_WishlistAddToCartTest" time="23.828" errors="0" timestamp="2026-08-10T00:08:22 IST" skipped="0">
  <testcase classname="com.opencart.testcases.TC007_WishlistAddToCartTest" name="verifyWishlistProductCanBeAddedToCart" time="23.828"/>
</testsuite> <!-- com.opencart.testcases.TC007_WishlistAddToCartTest -->
