<?xml version="1.0" encoding="UTF-8"?>
<!-- Generated by org.testng.reporters.JUnitReportReporter -->
<testsuite hostname="DESKTOP-1LH2OAS" failures="0" tests="1" name="com.opencart.testcases.TC002_InvalidRegistrationTest" time="17.482" errors="0" timestamp="2026-08-09T01:05:43 IST" skipped="0">
  <testcase classname="com.opencart.testcases.TC002_InvalidRegistrationTest" name="verifyRegistrationWithPasswordMismatch" time="17.482"/>
</testsuite> <!-- com.opencart.testcases.TC002_InvalidRegistrationTest -->
